<?xml version="1.0" encoding="UTF-8"?>
<!-- Generated by org.testng.reporters.JUnitReportReporter -->
<testsuite hostname="2020-02-03-05" failures="0" tests="4" name="tests.TestScript" time="16.905" errors="0" timestamp="2022-02-26T19:16:50 EET" skipped="0">
  <testcase classname="tests.TestScript" name="SigningOut" time="2.787"/>
  <system-out/>
  <testcase classname="tests.TestScript" name="NavigateToAccountCreation" time="0.292"/>
  <system-out/>
  <testcase classname="tests.TestScript" name="CreateAccount" time="7.503"/>
  <system-out/>
  <testcase classname="tests.TestScript" name="NavigateToMyAccount" time="6.323"/>
  <system-out/>
</testsuite> <!-- tests.TestScript -->
